<?xml version="1.0" encoding="UTF-8"?>
<testng-results ignored="0" total="1" passed="1" failed="0" skipped="0">
  <reporter-output>
  </reporter-output>
  <suite started-at="2022-10-12T13:14:03 IST" name="Default suite" finished-at="2022-10-12T13:14:07 IST" duration-ms="4130">
    <groups>
    </groups>
    <test started-at="2022-10-12T13:14:03 IST" name="Default test" finished-at="2022-10-12T13:14:07 IST" duration-ms="4130">
      <class name="Amazon.TestClassWithBaseClass">
        <test-method is-config="true" signature="browserLaunch()[pri:0, instance:Amazon.TestClassWithBaseClass@8dbdac1]" started-at="2022-10-12T13:14:03 IST" name="browserLaunch" finished-at="2022-10-12T13:14:07 IST" duration-ms="4084" status="PASS">
          <reporter-output>
          </reporter-output>
        </test-method> <!-- browserLaunch -->
        <test-method signature="TC01()[pri:0, instance:Amazon.TestClassWithBaseClass@8dbdac1]" started-at="2022-10-12T13:14:07 IST" name="TC01" finished-at="2022-10-12T13:14:07 IST" duration-ms="8" status="PASS">
          <reporter-output>
          </reporter-output>
        </test-method> <!-- TC01 -->
      </class> <!-- Amazon.TestClassWithBaseClass -->
    </test> <!-- Default test -->
  </suite> <!-- Default suite -->
</testng-results>
