<?xml version="1.0" encoding="UTF-8"?>
<!-- Generated by org.testng.reporters.JUnitXMLReporter -->
<testsuite ignored="0" hostname="DESKTOP-E549CCC" failures="0" tests="9" name="Test" time="0.059" errors="0" timestamp="2022-10-10T11:44:01 IST">
  <testcase classname="suite.Class1" name="TC01" time="0.01"/>
  <testcase classname="suite.Class1" name="TC02" time="0.001"/>
  <testcase classname="suite.Class1" name="TC03" time="0.001"/>
  <testcase classname="suite.Class2" name="TC01" time="0.001"/>
  <testcase classname="suite.Class2" name="TC02" time="0.001"/>
  <testcase classname="suite.Class2" name="TC03" time="0.001"/>
  <testcase classname="suite.Class3" name="TC01" time="0.001"/>
  <testcase classname="suite.Class3" name="TC02" time="0.001"/>
  <testcase classname="suite.Class3" name="TC03" time="0.001"/>
</testsuite> <!-- Test -->
